[03/06/2019 08:32:03][administrador][Login]
[03/06/2019 08:32:47][administrador][INSERT INTO clientes VALUES('12345678P', 'JP', 'Sullivan S');]
[03/06/2019 08:32:57][administrador][UPDATE clientes SET dniCliente= '12345678P', nombreCliente= 'JP', apellidosCliente='Sullivan Sullivan' WHERE dniCliente = '12345678P';]
[03/06/2019 08:33:05][administrador][DELETE FROM clientes WHERE dniCliente = '12345678P';]
[03/06/2019 08:33:12][administrador][SELECT dniCliente AS 'DNI', nombreCliente AS 'Nombre', apellidosCliente AS 'Apellidos' FROM clientes ORDER BY 1;]
[03/06/2019 08:33:16][administrador][Ayuda]
[03/06/2019 08:33:41][administrador][Logout]
[03/06/2019 08:43:22][administrador][Login]
[03/06/2019 08:43:33][administrador][Logout]
[03/06/2019 08:46:32][][Login]
[03/06/2019 08:46:38][][Login]
[03/06/2019 08:47:07][][Login]
[03/06/2019 08:47:25][][Login]
[03/06/2019 08:47:33][][Login]
[03/06/2019 08:47:42][][Login]
[03/06/2019 08:49:46][][Login]
[03/06/2019 08:49:51][][Login]
[03/06/2019 08:49:52][][Login]
[03/06/2019 08:50:42][][Login]
[03/06/2019 08:51:06][][Login]
[03/06/2019 08:51:08][][Login]
[03/06/2019 08:51:13][][Login]
[03/06/2019 08:52:27][][Login]
[03/06/2019 08:52:32][][Login]
[03/06/2019 08:52:42][administrador][Login]
[03/06/2019 08:52:48][administrador][Ayuda]
[03/06/2019 08:53:37][administrador][INSERT INTO clientes VALUES('12345678X', 'Alberto', 'Rus Gómez');]
[03/06/2019 08:54:04][administrador][SELECT dniCliente AS 'DNI', nombreCliente AS 'Nombre', apellidosCliente AS 'Apellidos' FROM clientes ORDER BY 1;]
[03/06/2019 08:54:08][administrador][Logout]
[03/06/2019 08:55:59][administrador][Login]
[03/06/2019 08:56:16][administrador][Logout]
[03/06/2019 08:57:04][administrador][Login]
[03/06/2019 08:57:22][administrador][Logout]
