[06/03/2019 09:51:54][admin][Login]
[06/03/2019 09:51:59][admin][Alta Clientes]
[06/03/2019 09:52:15][admin][Modificación Clientes]
[06/03/2019 09:52:24][admin][Baja Productos]
[06/03/2019 09:52:33][admin][Consulta Clientes]
[06/03/2019 09:52:44][admin][Alta Empleados]
[06/03/2019 09:53:28][admin][Modificación Empleados]
[06/03/2019 09:53:35][admin][Baja Empleados]
[06/03/2019 09:53:39][admin][Consulta Empleados]
[06/03/2019 09:53:44][admin][Alta Productos]
[06/03/2019 09:53:50][admin][Modificación Productos]
[06/03/2019 09:53:55][admin][Baja Productos]
[06/03/2019 09:53:59][admin][Consulta Productos]
[06/03/2019 10:01:55][admin][Ayuda]
[04/05/2019 12:08:25][admin][INSERT INTO clientes VALUES('fdgdgdd', 'ergfdgfdg', 'fdgfdgf');]
[04/05/2019 12:38:45][administrador][Login]
[04/05/2019 12:38:50][admin][DELETE FROM clientes WHERE dniCliente = '23243322P';]
[04/05/2019 12:42:53][administrador][Login]
[04/05/2019 12:47:17][administrador][Login]
[04/05/2019 12:47:24][admin][INSERT INTO clientes VALUES('dgddgdg', 'rhdffgdgdfdgfd', 'dgfgdfgdfgfdd');]
[04/05/2019 12:48:14][administrador][Login]
[04/05/2019 12:48:33][administrador][Login]
[04/05/2019 12:50:18][administrador][Login]
[04/05/2019 12:54:03][administrador][Login]
[04/05/2019 12:55:42][administrador][Login]
[04/05/2019 12:56:01][administrador][Login]
[04/05/2019 12:56:04][admin][DELETE FROM clientes WHERE dniCliente = '(12211212C)';]
[04/05/2019 12:56:44][administrador][Login]
[04/05/2019 12:56:49][admin][DELETE FROM clientes WHERE dniCliente = 'dgddgdg';]
[04/05/2019 12:57:09][admin][DELETE FROM clientes WHERE dniCliente = '12211212C';]
[04/05/2019 12:59:04][administrador][Login]
[04/05/2019 12:59:34][administrador][Login]